生成启动时间为 2014/9/27 18:51:46。
     1>项目“E:\大二上\贪吃蛇\贪吃蛇.vcxproj”在节点 2 上(Rebuild 个目标)。
     1>ClCompile:
         C:\Program Files (x86)\Microsoft Visual Studio 12.0\VC\bin\CL.exe /c /ZI /nologo /W3 /WX- /Od /Oy- /D WIN32 /D _WINDOWS /D _DEBUG /D _MBCS /Gm /EHsc /RTC1 /MTd /GS /fp:precise /Zc:wchar_t /Zc:forScope /Yc"stdafx.h" /Fp"Debug\贪吃蛇.pch" /Fo"Debug\\" /Fd"Debug\vc120.pdb" /Gd /TP /analyze- /errorReport:prompt stdafx.cpp
         stdafx.cpp
     1>c:\program files (x86)\microsoft visual studio 12.0\vc\atlmfc\include\afx.h(38): warning C4996: 'MBCS_Support_Deprecated_In_MFC': MBCS support in MFC is deprecated and may be removed in a future version of MFC.
                 c:\program files (x86)\microsoft visual studio 12.0\vc\atlmfc\include\afx.h(33) : 参见“MBCS_Support_Deprecated_In_MFC”的声明
         C:\Program Files (x86)\Microsoft Visual Studio 12.0\VC\bin\CL.exe /c /ZI /nologo /W3 /WX- /Od /Oy- /D WIN32 /D _WINDOWS /D _DEBUG /D _MBCS /Gm /EHsc /RTC1 /MTd /GS /fp:precise /Zc:wchar_t /Zc:forScope /Yu"stdafx.h" /Fp"Debug\贪吃蛇.pch" /Fo"Debug\\" /Fd"Debug\vc120.pdb" /Gd /TP /analyze- /errorReport:prompt Bean.cpp Ge.cpp MainFrm.cpp Snake.cpp "贪吃蛇.cpp" "贪吃蛇Doc.cpp" "贪吃蛇View.cpp"
         贪吃蛇View.cpp
     1>e:\大二上\贪吃蛇\贪吃蛇view.cpp(76): warning C4244: “初始化”: 从“time_t”转换到“unsigned int”，可能丢失数据
     1>e:\大二上\贪吃蛇\贪吃蛇view.cpp(341): warning C4244: “初始化”: 从“time_t”转换到“unsigned int”，可能丢失数据
     1>e:\大二上\贪吃蛇\贪吃蛇view.cpp(401): warning C4244: “初始化”: 从“time_t”转换到“unsigned int”，可能丢失数据
         贪吃蛇Doc.cpp
         贪吃蛇.cpp
         Snake.cpp
         MainFrm.cpp
         Ge.cpp
         Bean.cpp
         正在生成代码...
       ResourceCompile:
         C:\Program Files (x86)\Windows Kits\8.1\bin\x86\rc.exe /D _DEBUG /l"0x0804" /IDebug\ /nologo /fo"Debug\贪吃蛇.res" "贪吃蛇.rc" 
       Link:
         C:\Program Files (x86)\Microsoft Visual Studio 12.0\VC\bin\link.exe /ERRORREPORT:PROMPT /OUT:"E:\大二上\贪吃蛇\Debug\贪吃蛇.exe" /NOLOGO /MANIFEST /MANIFESTUAC:"level='asInvoker' uiAccess='false'" /manifest:embed /manifestinput:"C:\Program Files (x86)\Microsoft Visual Studio 12.0\VC\Include\Manifest\dpiaware.manifest" /DEBUG /PDB:"E:\大二上\贪吃蛇\Debug\贪吃蛇.pdb" /SUBSYSTEM:WINDOWS /TLBID:1 /DYNAMICBASE /NXCOMPAT /IMPLIB:"E:\大二上\贪吃蛇\Debug\贪吃蛇.lib" /MACHINE:X86 /SAFESEH "Debug\贪吃蛇.res"
         Debug\Bean.obj
         Debug\Ge.obj
         Debug\MainFrm.obj
         Debug\Snake.obj
         Debug\stdafx.obj
         "Debug\贪吃蛇.obj"
         "Debug\贪吃蛇Doc.obj"
         "Debug\贪吃蛇View.obj"
     1>Bean.obj : warning LNK4075: 忽略“/EDITANDCONTINUE”(由于“/SAFESEH”规范)
         贪吃蛇.vcxproj -> E:\大二上\贪吃蛇\Debug\贪吃蛇.exe
     1>已完成生成项目“E:\大二上\贪吃蛇\贪吃蛇.vcxproj”(Rebuild 个目标)的操作。

生成成功。

已用时间 00:00:21.64
